2020-03-19 16:45:36,417 :: INFO :: kivy :: [Logger      ] Record log in C:\Users\English Lab\.kivy\logs\kivy_20-03-19_2.txt
2020-03-19 16:45:36,416 :: INFO :: kivy :: [deps        ] Successfully imported "kivy_deps.gstreamer" 0.1.18
2020-03-19 16:45:36,419 :: INFO :: kivy :: [deps        ] Successfully imported "kivy_deps.glew" 0.1.12
2020-03-19 16:45:36,420 :: INFO :: kivy :: [deps        ] Successfully imported "kivy_deps.sdl2" 0.1.23
2020-03-19 16:45:36,421 :: INFO :: kivy :: [Kivy        ] v1.11.1
2020-03-19 16:45:36,422 :: INFO :: kivy :: [Kivy        ] Installed at "C:\Users\English Lab\Envs\syai3Play\lib\site-packages\kivy\__init__.py"
2020-03-19 16:45:36,441 :: INFO :: kivy :: [Python      ] v3.6.8 (tags/v3.6.8:3c6b436a57, Dec 24 2018, 00:16:47) [MSC v.1916 64 bit (AMD64)]
2020-03-19 16:45:36,441 :: INFO :: kivy :: [Python      ] Interpreter at "C:\Users\English Lab\Envs\syai3Play\Scripts\python.exe"
2020-03-19 16:45:36,776 :: INFO :: kivy :: [Factory     ] 184 symbols loaded
2020-03-19 16:45:36,873 :: INFO :: kivy :: [Image       ] Providers: img_tex, img_dds, img_sdl2, img_pil, img_gif (img_ffpyplayer ignored)
2020-03-19 16:45:36,920 :: INFO :: kivy :: [Window      ] Provider: sdl2
2020-03-19 16:45:37,028 :: INFO :: kivy :: [GL          ] Using the "OpenGL" graphics system
2020-03-19 16:45:37,031 :: INFO :: kivy :: [GL          ] GLEW initialization succeeded
2020-03-19 16:45:37,032 :: INFO :: kivy :: [GL          ] Backend used <glew>
2020-03-19 16:45:37,035 :: INFO :: kivy :: [GL          ] OpenGL version <b'4.5.0 - Build 23.20.16.4849'>
2020-03-19 16:45:37,035 :: INFO :: kivy :: [GL          ] OpenGL vendor <b'Intel'>
2020-03-19 16:45:37,036 :: INFO :: kivy :: [GL          ] OpenGL renderer <b'Intel(R) HD Graphics 510'>
2020-03-19 16:45:37,037 :: INFO :: kivy :: [GL          ] OpenGL parsed version: 4, 5
2020-03-19 16:45:37,038 :: INFO :: kivy :: [GL          ] Shading version <b'4.50 - Build 23.20.16.4849'>
2020-03-19 16:45:37,039 :: INFO :: kivy :: [GL          ] Texture max size <16384>
2020-03-19 16:45:37,040 :: INFO :: kivy :: [GL          ] Texture max units <32>
2020-03-19 16:45:37,067 :: INFO :: kivy :: [Window      ] auto add sdl2 input provider
2020-03-19 16:45:37,069 :: INFO :: kivy :: [Window      ] virtual keyboard not allowed, single mode, not docked
2020-03-19 16:45:37,082 :: INFO :: kivy :: [Text        ] Provider: sdl2
2020-03-19 16:45:37,110 :: INFO :: kivy :: [Base        ] Start application main loop
2020-03-19 16:45:37,113 :: INFO :: kivy :: [GL          ] NPOT texture support is available
2020-03-19 16:45:42,938 :: INFO :: kivy :: [Base        ] Leaving application in progress...
2020-03-19 16:45:42,966 :: INFO :: kivy :: [WindowSDL   ] exiting mainloop and closing.
2020-03-19 16:46:57,946 :: INFO :: kivy :: [Logger      ] Record log in C:\Users\English Lab\.kivy\logs\kivy_20-03-19_3.txt
2020-03-19 16:46:57,946 :: INFO :: kivy :: [deps        ] Successfully imported "kivy_deps.gstreamer" 0.1.18
2020-03-19 16:46:57,948 :: INFO :: kivy :: [deps        ] Successfully imported "kivy_deps.glew" 0.1.12
2020-03-19 16:46:57,948 :: INFO :: kivy :: [deps        ] Successfully imported "kivy_deps.sdl2" 0.1.23
2020-03-19 16:46:57,949 :: INFO :: kivy :: [Kivy        ] v1.11.1
2020-03-19 16:46:57,949 :: INFO :: kivy :: [Kivy        ] Installed at "C:\Users\English Lab\Envs\syai3Play\lib\site-packages\kivy\__init__.py"
2020-03-19 16:46:57,950 :: INFO :: kivy :: [Python      ] v3.6.8 (tags/v3.6.8:3c6b436a57, Dec 24 2018, 00:16:47) [MSC v.1916 64 bit (AMD64)]
2020-03-19 16:46:57,950 :: INFO :: kivy :: [Python      ] Interpreter at "C:\Users\English Lab\Envs\syai3Play\Scripts\python.exe"
2020-03-19 16:46:58,319 :: INFO :: kivy :: [Factory     ] 184 symbols loaded
2020-03-19 16:46:58,420 :: INFO :: kivy :: [Image       ] Providers: img_tex, img_dds, img_sdl2, img_pil, img_gif (img_ffpyplayer ignored)
2020-03-19 16:46:58,466 :: INFO :: kivy :: [Window      ] Provider: sdl2
2020-03-19 16:46:58,552 :: INFO :: kivy :: [GL          ] Using the "OpenGL" graphics system
2020-03-19 16:46:58,554 :: INFO :: kivy :: [GL          ] GLEW initialization succeeded
2020-03-19 16:46:58,555 :: INFO :: kivy :: [GL          ] Backend used <glew>
2020-03-19 16:46:58,556 :: INFO :: kivy :: [GL          ] OpenGL version <b'4.5.0 - Build 23.20.16.4849'>
2020-03-19 16:46:58,556 :: INFO :: kivy :: [GL          ] OpenGL vendor <b'Intel'>
2020-03-19 16:46:58,557 :: INFO :: kivy :: [GL          ] OpenGL renderer <b'Intel(R) HD Graphics 510'>
2020-03-19 16:46:58,558 :: INFO :: kivy :: [GL          ] OpenGL parsed version: 4, 5
2020-03-19 16:46:58,558 :: INFO :: kivy :: [GL          ] Shading version <b'4.50 - Build 23.20.16.4849'>
2020-03-19 16:46:58,560 :: INFO :: kivy :: [GL          ] Texture max size <16384>
2020-03-19 16:46:58,561 :: INFO :: kivy :: [GL          ] Texture max units <32>
2020-03-19 16:46:58,587 :: INFO :: kivy :: [Window      ] auto add sdl2 input provider
2020-03-19 16:46:58,588 :: INFO :: kivy :: [Window      ] virtual keyboard not allowed, single mode, not docked
2020-03-19 16:46:58,602 :: INFO :: kivy :: [Text        ] Provider: sdl2
2020-03-19 16:46:58,629 :: INFO :: kivy :: [Base        ] Start application main loop
2020-03-19 16:46:58,631 :: INFO :: kivy :: [GL          ] NPOT texture support is available
2020-03-19 16:47:01,375 :: INFO :: kivy :: [Base        ] Leaving application in progress...
2020-03-19 16:47:01,378 :: INFO :: kivy :: [WindowSDL   ] exiting mainloop and closing.
2020-03-19 16:47:48,491 :: INFO :: kivy :: [Logger      ] Record log in C:\Users\English Lab\.kivy\logs\kivy_20-03-19_4.txt
2020-03-19 16:47:48,490 :: INFO :: kivy :: [deps        ] Successfully imported "kivy_deps.gstreamer" 0.1.18
2020-03-19 16:47:48,494 :: INFO :: kivy :: [deps        ] Successfully imported "kivy_deps.glew" 0.1.12
2020-03-19 16:47:48,496 :: INFO :: kivy :: [deps        ] Successfully imported "kivy_deps.sdl2" 0.1.23
2020-03-19 16:47:48,498 :: INFO :: kivy :: [Kivy        ] v1.11.1
2020-03-19 16:47:48,499 :: INFO :: kivy :: [Kivy        ] Installed at "C:\Users\English Lab\Envs\syai3Play\lib\site-packages\kivy\__init__.py"
2020-03-19 16:47:48,500 :: INFO :: kivy :: [Python      ] v3.6.8 (tags/v3.6.8:3c6b436a57, Dec 24 2018, 00:16:47) [MSC v.1916 64 bit (AMD64)]
2020-03-19 16:47:48,502 :: INFO :: kivy :: [Python      ] Interpreter at "C:\Users\English Lab\Envs\syai3Play\Scripts\python.exe"
2020-03-19 16:47:48,960 :: INFO :: kivy :: [Factory     ] 184 symbols loaded
2020-03-19 16:47:49,062 :: INFO :: kivy :: [Image       ] Providers: img_tex, img_dds, img_sdl2, img_pil, img_gif (img_ffpyplayer ignored)
2020-03-19 16:47:49,300 :: INFO :: kivy :: [Window      ] Provider: sdl2
2020-03-19 16:47:49,412 :: INFO :: kivy :: [GL          ] Using the "OpenGL" graphics system
2020-03-19 16:47:49,418 :: INFO :: kivy :: [GL          ] GLEW initialization succeeded
2020-03-19 16:47:49,419 :: INFO :: kivy :: [GL          ] Backend used <glew>
2020-03-19 16:47:49,419 :: INFO :: kivy :: [GL          ] OpenGL version <b'4.5.0 - Build 23.20.16.4849'>
2020-03-19 16:47:49,420 :: INFO :: kivy :: [GL          ] OpenGL vendor <b'Intel'>
2020-03-19 16:47:49,420 :: INFO :: kivy :: [GL          ] OpenGL renderer <b'Intel(R) HD Graphics 510'>
2020-03-19 16:47:49,422 :: INFO :: kivy :: [GL          ] OpenGL parsed version: 4, 5
2020-03-19 16:47:49,423 :: INFO :: kivy :: [GL          ] Shading version <b'4.50 - Build 23.20.16.4849'>
2020-03-19 16:47:49,424 :: INFO :: kivy :: [GL          ] Texture max size <16384>
2020-03-19 16:47:49,425 :: INFO :: kivy :: [GL          ] Texture max units <32>
2020-03-19 16:47:49,459 :: INFO :: kivy :: [Window      ] auto add sdl2 input provider
2020-03-19 16:47:49,462 :: INFO :: kivy :: [Window      ] virtual keyboard not allowed, single mode, not docked
2020-03-19 16:47:49,550 :: INFO :: kivy :: [Text        ] Provider: sdl2
2020-03-19 16:47:49,625 :: INFO :: kivy :: [Base        ] Start application main loop
2020-03-19 16:47:49,629 :: INFO :: kivy :: [GL          ] NPOT texture support is available
2020-03-19 16:47:51,977 :: INFO :: kivy :: [Base        ] Leaving application in progress...
2020-03-19 16:47:52,013 :: INFO :: kivy :: [WindowSDL   ] exiting mainloop and closing.
2020-03-19 16:48:26,953 :: INFO :: kivy :: [Logger      ] Record log in C:\Users\English Lab\.kivy\logs\kivy_20-03-19_5.txt
2020-03-19 16:48:26,952 :: INFO :: kivy :: [deps        ] Successfully imported "kivy_deps.gstreamer" 0.1.18
2020-03-19 16:48:26,954 :: INFO :: kivy :: [deps        ] Successfully imported "kivy_deps.glew" 0.1.12
2020-03-19 16:48:26,954 :: INFO :: kivy :: [deps        ] Successfully imported "kivy_deps.sdl2" 0.1.23
2020-03-19 16:48:26,955 :: INFO :: kivy :: [Kivy        ] v1.11.1
2020-03-19 16:48:26,955 :: INFO :: kivy :: [Kivy        ] Installed at "C:\Users\English Lab\Envs\syai3Play\lib\site-packages\kivy\__init__.py"
2020-03-19 16:48:26,956 :: INFO :: kivy :: [Python      ] v3.6.8 (tags/v3.6.8:3c6b436a57, Dec 24 2018, 00:16:47) [MSC v.1916 64 bit (AMD64)]
2020-03-19 16:48:26,956 :: INFO :: kivy :: [Python      ] Interpreter at "C:\Users\English Lab\Envs\syai3Play\Scripts\python.exe"
2020-03-19 16:48:27,299 :: INFO :: kivy :: [Factory     ] 184 symbols loaded
2020-03-19 16:48:27,398 :: INFO :: kivy :: [Image       ] Providers: img_tex, img_dds, img_sdl2, img_pil, img_gif (img_ffpyplayer ignored)
2020-03-19 16:48:27,445 :: INFO :: kivy :: [Window      ] Provider: sdl2
2020-03-19 16:48:27,517 :: INFO :: kivy :: [GL          ] Using the "OpenGL" graphics system
2020-03-19 16:48:27,523 :: INFO :: kivy :: [GL          ] GLEW initialization succeeded
2020-03-19 16:48:27,525 :: INFO :: kivy :: [GL          ] Backend used <glew>
2020-03-19 16:48:27,526 :: INFO :: kivy :: [GL          ] OpenGL version <b'4.5.0 - Build 23.20.16.4849'>
2020-03-19 16:48:27,527 :: INFO :: kivy :: [GL          ] OpenGL vendor <b'Intel'>
2020-03-19 16:48:27,528 :: INFO :: kivy :: [GL          ] OpenGL renderer <b'Intel(R) HD Graphics 510'>
2020-03-19 16:48:27,530 :: INFO :: kivy :: [GL          ] OpenGL parsed version: 4, 5
2020-03-19 16:48:27,532 :: INFO :: kivy :: [GL          ] Shading version <b'4.50 - Build 23.20.16.4849'>
2020-03-19 16:48:27,533 :: INFO :: kivy :: [GL          ] Texture max size <16384>
2020-03-19 16:48:27,534 :: INFO :: kivy :: [GL          ] Texture max units <32>
2020-03-19 16:48:27,561 :: INFO :: kivy :: [Window      ] auto add sdl2 input provider
2020-03-19 16:48:27,563 :: INFO :: kivy :: [Window      ] virtual keyboard not allowed, single mode, not docked
2020-03-19 16:48:27,577 :: INFO :: kivy :: [Text        ] Provider: sdl2
2020-03-19 16:48:27,602 :: INFO :: kivy :: [Base        ] Start application main loop
2020-03-19 16:48:27,605 :: INFO :: kivy :: [GL          ] NPOT texture support is available
2020-03-19 16:48:51,316 :: INFO :: kivy :: [Base        ] Leaving application in progress...
2020-03-19 16:48:51,320 :: INFO :: kivy :: [WindowSDL   ] exiting mainloop and closing.
2020-03-19 16:51:52,769 :: INFO :: kivy :: [Logger      ] Record log in C:\Users\English Lab\.kivy\logs\kivy_20-03-19_6.txt
2020-03-19 16:51:52,768 :: INFO :: kivy :: [deps        ] Successfully imported "kivy_deps.gstreamer" 0.1.18
2020-03-19 16:51:52,770 :: INFO :: kivy :: [deps        ] Successfully imported "kivy_deps.glew" 0.1.12
2020-03-19 16:51:52,770 :: INFO :: kivy :: [deps        ] Successfully imported "kivy_deps.sdl2" 0.1.23
2020-03-19 16:51:52,771 :: INFO :: kivy :: [Kivy        ] v1.11.1
2020-03-19 16:51:52,772 :: INFO :: kivy :: [Kivy        ] Installed at "C:\Users\English Lab\Envs\syai3Play\lib\site-packages\kivy\__init__.py"
2020-03-19 16:51:52,772 :: INFO :: kivy :: [Python      ] v3.6.8 (tags/v3.6.8:3c6b436a57, Dec 24 2018, 00:16:47) [MSC v.1916 64 bit (AMD64)]
2020-03-19 16:51:52,773 :: INFO :: kivy :: [Python      ] Interpreter at "C:\Users\English Lab\Envs\syai3Play\Scripts\python.exe"
2020-03-19 16:51:53,112 :: INFO :: kivy :: [Factory     ] 184 symbols loaded
2020-03-19 16:51:53,213 :: INFO :: kivy :: [Image       ] Providers: img_tex, img_dds, img_sdl2, img_pil, img_gif (img_ffpyplayer ignored)
2020-03-19 16:51:53,261 :: INFO :: kivy :: [Window      ] Provider: sdl2
2020-03-19 16:51:53,401 :: INFO :: kivy :: [GL          ] Using the "OpenGL" graphics system
2020-03-19 16:51:53,403 :: INFO :: kivy :: [GL          ] GLEW initialization succeeded
2020-03-19 16:51:53,404 :: INFO :: kivy :: [GL          ] Backend used <glew>
2020-03-19 16:51:53,404 :: INFO :: kivy :: [GL          ] OpenGL version <b'4.5.0 - Build 23.20.16.4849'>
2020-03-19 16:51:53,406 :: INFO :: kivy :: [GL          ] OpenGL vendor <b'Intel'>
2020-03-19 16:51:53,406 :: INFO :: kivy :: [GL          ] OpenGL renderer <b'Intel(R) HD Graphics 510'>
2020-03-19 16:51:53,407 :: INFO :: kivy :: [GL          ] OpenGL parsed version: 4, 5
2020-03-19 16:51:53,407 :: INFO :: kivy :: [GL          ] Shading version <b'4.50 - Build 23.20.16.4849'>
2020-03-19 16:51:53,408 :: INFO :: kivy :: [GL          ] Texture max size <16384>
2020-03-19 16:51:53,409 :: INFO :: kivy :: [GL          ] Texture max units <32>
2020-03-19 16:51:53,440 :: INFO :: kivy :: [Window      ] auto add sdl2 input provider
2020-03-19 16:51:53,441 :: INFO :: kivy :: [Window      ] virtual keyboard not allowed, single mode, not docked
2020-03-19 16:51:53,455 :: INFO :: kivy :: [Text        ] Provider: sdl2
2020-03-19 16:51:53,479 :: INFO :: kivy :: [Base        ] Start application main loop
2020-03-19 16:51:53,483 :: INFO :: kivy :: [GL          ] NPOT texture support is available
2020-03-19 16:52:00,414 :: INFO :: kivy :: [Base        ] Leaving application in progress...
2020-03-19 16:52:00,418 :: INFO :: kivy :: [WindowSDL   ] exiting mainloop and closing.
2020-03-19 16:53:00,549 :: INFO :: kivy :: [Logger      ] Record log in C:\Users\English Lab\.kivy\logs\kivy_20-03-19_7.txt
2020-03-19 16:53:00,548 :: INFO :: kivy :: [deps        ] Successfully imported "kivy_deps.gstreamer" 0.1.18
2020-03-19 16:53:00,550 :: INFO :: kivy :: [deps        ] Successfully imported "kivy_deps.glew" 0.1.12
2020-03-19 16:53:00,550 :: INFO :: kivy :: [deps        ] Successfully imported "kivy_deps.sdl2" 0.1.23
2020-03-19 16:53:00,551 :: INFO :: kivy :: [Kivy        ] v1.11.1
2020-03-19 16:53:00,551 :: INFO :: kivy :: [Kivy        ] Installed at "C:\Users\English Lab\Envs\syai3Play\lib\site-packages\kivy\__init__.py"
2020-03-19 16:53:00,552 :: INFO :: kivy :: [Python      ] v3.6.8 (tags/v3.6.8:3c6b436a57, Dec 24 2018, 00:16:47) [MSC v.1916 64 bit (AMD64)]
2020-03-19 16:53:00,553 :: INFO :: kivy :: [Python      ] Interpreter at "C:\Users\English Lab\Envs\syai3Play\Scripts\python.exe"
2020-03-19 16:53:00,894 :: INFO :: kivy :: [Factory     ] 184 symbols loaded
2020-03-19 16:53:00,997 :: INFO :: kivy :: [Image       ] Providers: img_tex, img_dds, img_sdl2, img_pil, img_gif (img_ffpyplayer ignored)
2020-03-19 16:53:01,046 :: INFO :: kivy :: [Window      ] Provider: sdl2
2020-03-19 16:53:01,126 :: INFO :: kivy :: [GL          ] Using the "OpenGL" graphics system
2020-03-19 16:53:01,128 :: INFO :: kivy :: [GL          ] GLEW initialization succeeded
2020-03-19 16:53:01,130 :: INFO :: kivy :: [GL          ] Backend used <glew>
2020-03-19 16:53:01,133 :: INFO :: kivy :: [GL          ] OpenGL version <b'4.5.0 - Build 23.20.16.4849'>
2020-03-19 16:53:01,135 :: INFO :: kivy :: [GL          ] OpenGL vendor <b'Intel'>
2020-03-19 16:53:01,136 :: INFO :: kivy :: [GL          ] OpenGL renderer <b'Intel(R) HD Graphics 510'>
2020-03-19 16:53:01,138 :: INFO :: kivy :: [GL          ] OpenGL parsed version: 4, 5
2020-03-19 16:53:01,140 :: INFO :: kivy :: [GL          ] Shading version <b'4.50 - Build 23.20.16.4849'>
2020-03-19 16:53:01,141 :: INFO :: kivy :: [GL          ] Texture max size <16384>
2020-03-19 16:53:01,142 :: INFO :: kivy :: [GL          ] Texture max units <32>
2020-03-19 16:53:01,169 :: INFO :: kivy :: [Window      ] auto add sdl2 input provider
2020-03-19 16:53:01,170 :: INFO :: kivy :: [Window      ] virtual keyboard not allowed, single mode, not docked
2020-03-19 16:53:01,182 :: INFO :: kivy :: [Text        ] Provider: sdl2
2020-03-19 16:53:01,209 :: INFO :: kivy :: [Base        ] Start application main loop
2020-03-19 16:53:01,212 :: INFO :: kivy :: [GL          ] NPOT texture support is available
2020-03-19 16:53:21,597 :: INFO :: kivy :: [Base        ] Leaving application in progress...
2020-03-19 16:53:21,601 :: INFO :: kivy :: [WindowSDL   ] exiting mainloop and closing.
2020-03-19 17:00:06,850 :: INFO :: kivy :: [Logger      ] Record log in C:\Users\English Lab\.kivy\logs\kivy_20-03-19_8.txt
2020-03-19 17:00:06,835 :: INFO :: kivy :: [deps        ] Successfully imported "kivy_deps.gstreamer" 0.1.18
2020-03-19 17:00:06,852 :: INFO :: kivy :: [deps        ] Successfully imported "kivy_deps.glew" 0.1.12
2020-03-19 17:00:06,852 :: INFO :: kivy :: [deps        ] Successfully imported "kivy_deps.sdl2" 0.1.23
2020-03-19 17:00:06,852 :: INFO :: kivy :: [Kivy        ] v1.11.1
2020-03-19 17:00:06,852 :: INFO :: kivy :: [Kivy        ] Installed at "C:\Users\English Lab\Envs\syai3Play\lib\site-packages\kivy\__init__.py"
2020-03-19 17:00:06,853 :: INFO :: kivy :: [Python      ] v3.6.8 (tags/v3.6.8:3c6b436a57, Dec 24 2018, 00:16:47) [MSC v.1916 64 bit (AMD64)]
2020-03-19 17:00:06,853 :: INFO :: kivy :: [Python      ] Interpreter at "C:\Users\English Lab\Envs\syai3Play\Scripts\python.exe"
2020-03-19 17:00:07,185 :: INFO :: kivy :: [Factory     ] 184 symbols loaded
2020-03-19 17:00:07,280 :: INFO :: kivy :: [Image       ] Providers: img_tex, img_dds, img_sdl2, img_pil, img_gif (img_ffpyplayer ignored)
2020-03-19 17:00:07,322 :: INFO :: kivy :: [Window      ] Provider: sdl2
2020-03-19 17:00:07,389 :: INFO :: kivy :: [GL          ] Using the "OpenGL" graphics system
2020-03-19 17:00:07,390 :: INFO :: kivy :: [GL          ] GLEW initialization succeeded
2020-03-19 17:00:07,391 :: INFO :: kivy :: [GL          ] Backend used <glew>
2020-03-19 17:00:07,391 :: INFO :: kivy :: [GL          ] OpenGL version <b'4.5.0 - Build 23.20.16.4849'>
2020-03-19 17:00:07,392 :: INFO :: kivy :: [GL          ] OpenGL vendor <b'Intel'>
2020-03-19 17:00:07,392 :: INFO :: kivy :: [GL          ] OpenGL renderer <b'Intel(R) HD Graphics 510'>
2020-03-19 17:00:07,392 :: INFO :: kivy :: [GL          ] OpenGL parsed version: 4, 5
2020-03-19 17:00:07,393 :: INFO :: kivy :: [GL          ] Shading version <b'4.50 - Build 23.20.16.4849'>
2020-03-19 17:00:07,393 :: INFO :: kivy :: [GL          ] Texture max size <16384>
2020-03-19 17:00:07,394 :: INFO :: kivy :: [GL          ] Texture max units <32>
2020-03-19 17:00:07,421 :: INFO :: kivy :: [Window      ] auto add sdl2 input provider
2020-03-19 17:00:07,424 :: INFO :: kivy :: [Window      ] virtual keyboard not allowed, single mode, not docked
2020-03-19 17:00:07,438 :: INFO :: kivy :: [Text        ] Provider: sdl2
2020-03-19 17:00:07,463 :: INFO :: kivy :: [Base        ] Start application main loop
2020-03-19 17:00:07,465 :: INFO :: kivy :: [GL          ] NPOT texture support is available
2020-03-19 17:00:09,898 :: INFO :: kivy :: [Base        ] Leaving application in progress...
2020-03-19 17:00:09,923 :: INFO :: kivy :: [WindowSDL   ] exiting mainloop and closing.
2020-03-19 17:01:25,576 :: INFO :: kivy :: [Logger      ] Record log in C:\Users\English Lab\.kivy\logs\kivy_20-03-19_9.txt
2020-03-19 17:01:25,576 :: INFO :: kivy :: [deps        ] Successfully imported "kivy_deps.gstreamer" 0.1.18
2020-03-19 17:01:25,576 :: INFO :: kivy :: [deps        ] Successfully imported "kivy_deps.glew" 0.1.12
2020-03-19 17:01:25,576 :: INFO :: kivy :: [deps        ] Successfully imported "kivy_deps.sdl2" 0.1.23
2020-03-19 17:01:25,576 :: INFO :: kivy :: [Kivy        ] v1.11.1
2020-03-19 17:01:25,576 :: INFO :: kivy :: [Kivy        ] Installed at "C:\Users\English Lab\Envs\syai3Play\lib\site-packages\kivy\__init__.py"
2020-03-19 17:01:25,576 :: INFO :: kivy :: [Python      ] v3.6.8 (tags/v3.6.8:3c6b436a57, Dec 24 2018, 00:16:47) [MSC v.1916 64 bit (AMD64)]
2020-03-19 17:01:25,576 :: INFO :: kivy :: [Python      ] Interpreter at "C:\Users\English Lab\Envs\syai3Play\Scripts\python.exe"
2020-03-19 17:01:25,944 :: INFO :: kivy :: [Factory     ] 184 symbols loaded
2020-03-19 17:01:26,038 :: INFO :: kivy :: [Image       ] Providers: img_tex, img_dds, img_sdl2, img_pil, img_gif (img_ffpyplayer ignored)
2020-03-19 17:01:26,085 :: INFO :: kivy :: [Window      ] Provider: sdl2
2020-03-19 17:01:26,168 :: INFO :: kivy :: [GL          ] Using the "OpenGL" graphics system
2020-03-19 17:01:26,170 :: INFO :: kivy :: [GL          ] GLEW initialization succeeded
2020-03-19 17:01:26,170 :: INFO :: kivy :: [GL          ] Backend used <glew>
2020-03-19 17:01:26,173 :: INFO :: kivy :: [GL          ] OpenGL version <b'4.5.0 - Build 23.20.16.4849'>
2020-03-19 17:01:26,174 :: INFO :: kivy :: [GL          ] OpenGL vendor <b'Intel'>
2020-03-19 17:01:26,174 :: INFO :: kivy :: [GL          ] OpenGL renderer <b'Intel(R) HD Graphics 510'>
2020-03-19 17:01:26,175 :: INFO :: kivy :: [GL          ] OpenGL parsed version: 4, 5
2020-03-19 17:01:26,176 :: INFO :: kivy :: [GL          ] Shading version <b'4.50 - Build 23.20.16.4849'>
2020-03-19 17:01:26,176 :: INFO :: kivy :: [GL          ] Texture max size <16384>
2020-03-19 17:01:26,177 :: INFO :: kivy :: [GL          ] Texture max units <32>
2020-03-19 17:01:26,203 :: INFO :: kivy :: [Window      ] auto add sdl2 input provider
2020-03-19 17:01:26,204 :: INFO :: kivy :: [Window      ] virtual keyboard not allowed, single mode, not docked
2020-03-19 17:01:26,217 :: INFO :: kivy :: [Text        ] Provider: sdl2
2020-03-19 17:01:26,242 :: INFO :: kivy :: [Base        ] Start application main loop
2020-03-19 17:01:26,244 :: INFO :: kivy :: [GL          ] NPOT texture support is available
2020-03-19 17:01:27,290 :: INFO :: kivy :: [Base        ] Leaving application in progress...
2020-03-19 17:01:27,324 :: INFO :: kivy :: [WindowSDL   ] exiting mainloop and closing.
2020-03-19 17:04:23,808 :: INFO :: kivy :: [Logger      ] Record log in C:\Users\English Lab\.kivy\logs\kivy_20-03-19_10.txt
2020-03-19 17:04:23,808 :: INFO :: kivy :: [deps        ] Successfully imported "kivy_deps.gstreamer" 0.1.18
2020-03-19 17:04:23,812 :: INFO :: kivy :: [deps        ] Successfully imported "kivy_deps.glew" 0.1.12
2020-03-19 17:04:23,813 :: INFO :: kivy :: [deps        ] Successfully imported "kivy_deps.sdl2" 0.1.23
2020-03-19 17:04:23,814 :: INFO :: kivy :: [Kivy        ] v1.11.1
2020-03-19 17:04:23,815 :: INFO :: kivy :: [Kivy        ] Installed at "C:\Users\English Lab\Envs\syai3Play\lib\site-packages\kivy\__init__.py"
2020-03-19 17:04:23,816 :: INFO :: kivy :: [Python      ] v3.6.8 (tags/v3.6.8:3c6b436a57, Dec 24 2018, 00:16:47) [MSC v.1916 64 bit (AMD64)]
2020-03-19 17:04:23,817 :: INFO :: kivy :: [Python      ] Interpreter at "C:\Users\English Lab\Envs\syai3Play\Scripts\python.exe"
2020-03-19 17:04:24,143 :: INFO :: kivy :: [Factory     ] 184 symbols loaded
2020-03-19 17:04:24,241 :: INFO :: kivy :: [Image       ] Providers: img_tex, img_dds, img_sdl2, img_pil, img_gif (img_ffpyplayer ignored)
2020-03-19 17:04:24,290 :: INFO :: kivy :: [Window      ] Provider: sdl2
2020-03-19 17:04:24,388 :: INFO :: kivy :: [GL          ] Using the "OpenGL" graphics system
2020-03-19 17:04:24,392 :: INFO :: kivy :: [GL          ] GLEW initialization succeeded
2020-03-19 17:04:24,394 :: INFO :: kivy :: [GL          ] Backend used <glew>
2020-03-19 17:04:24,400 :: INFO :: kivy :: [GL          ] OpenGL version <b'4.5.0 - Build 23.20.16.4849'>
2020-03-19 17:04:24,401 :: INFO :: kivy :: [GL          ] OpenGL vendor <b'Intel'>
2020-03-19 17:04:24,402 :: INFO :: kivy :: [GL          ] OpenGL renderer <b'Intel(R) HD Graphics 510'>
2020-03-19 17:04:24,403 :: INFO :: kivy :: [GL          ] OpenGL parsed version: 4, 5
2020-03-19 17:04:24,403 :: INFO :: kivy :: [GL          ] Shading version <b'4.50 - Build 23.20.16.4849'>
2020-03-19 17:04:24,404 :: INFO :: kivy :: [GL          ] Texture max size <16384>
2020-03-19 17:04:24,405 :: INFO :: kivy :: [GL          ] Texture max units <32>
2020-03-19 17:04:24,434 :: INFO :: kivy :: [Window      ] auto add sdl2 input provider
2020-03-19 17:04:24,436 :: INFO :: kivy :: [Window      ] virtual keyboard not allowed, single mode, not docked
2020-03-19 17:04:24,452 :: INFO :: kivy :: [Text        ] Provider: sdl2
2020-03-19 17:04:24,485 :: INFO :: kivy :: [Base        ] Start application main loop
2020-03-19 17:04:24,487 :: INFO :: kivy :: [GL          ] NPOT texture support is available
2020-03-19 17:04:32,171 :: INFO :: kivy :: [Base        ] Leaving application in progress...
2020-03-19 17:04:32,174 :: INFO :: kivy :: [WindowSDL   ] exiting mainloop and closing.
2020-03-24 22:10:09,208 :: INFO :: kivy :: Kivy: v1.11.1
2020-03-24 22:10:09,210 :: INFO :: kivy :: Kivy: Installed at "/usr/local/lib/python3.6/site-packages/kivy/__init__.py"
2020-03-24 22:10:09,210 :: INFO :: kivy :: Python: v3.6.9 (default, Oct 27 2019, 00:29:13) 
[GCC 5.4.0 20160609]
2020-03-24 22:10:09,210 :: INFO :: kivy :: Python: Interpreter at "/home/nuru/Envs/syai3Play/bin/python"
2020-03-24 22:10:09,430 :: INFO :: kivy :: Factory: 184 symbols loaded
2020-03-24 22:10:09,606 :: INFO :: kivy :: Image: Providers: img_tex, img_dds, img_pil, img_gif (img_sdl2, img_ffpyplayer ignored)
2020-03-24 22:10:09,648 :: INFO :: kivy :: Window: Provider: sdl2(['window_egl_rpi'] ignored)
2020-03-24 22:10:10,823 :: INFO :: kivy :: GL: Using the "OpenGL" graphics system
2020-03-24 22:10:10,824 :: INFO :: kivy :: GL: Backend used <sdl2>
2020-03-24 22:10:10,824 :: INFO :: kivy :: GL: OpenGL version <b'2.1 Mesa 18.0.5'>
2020-03-24 22:10:10,824 :: INFO :: kivy :: GL: OpenGL vendor <b'Intel Open Source Technology Center'>
2020-03-24 22:10:10,824 :: INFO :: kivy :: GL: OpenGL renderer <b'Mesa DRI Mobile Intel\xc2\xae GM45 Express Chipset '>
2020-03-24 22:10:10,824 :: INFO :: kivy :: GL: OpenGL parsed version: 2, 1
2020-03-24 22:10:10,824 :: INFO :: kivy :: GL: Shading version <b'1.20'>
2020-03-24 22:10:10,825 :: INFO :: kivy :: GL: Texture max size <8192>
2020-03-24 22:10:10,825 :: INFO :: kivy :: GL: Texture max units <16>
2020-03-24 22:10:10,932 :: INFO :: kivy :: Window: auto add sdl2 input provider
2020-03-24 22:10:10,933 :: INFO :: kivy :: Window: virtual keyboard not allowed, single mode, not docked
2020-03-24 22:10:10,939 :: WARNING :: kivy :: stderr: Traceback (most recent call last):
2020-03-24 22:10:10,939 :: WARNING :: kivy :: stderr:   File "/home/nuru/PycharmProjects/syai3Play/main.py", line 23, in <module>
2020-03-24 22:10:10,939 :: WARNING :: kivy :: stderr:     from viewscontrollers.v3play.v3play import V3Play
2020-03-24 22:10:10,939 :: WARNING :: kivy :: stderr:   File "/home/nuru/PycharmProjects/syai3Play/viewscontrollers/v3play/v3play.py", line 8, in <module>
2020-03-24 22:10:10,939 :: WARNING :: kivy :: stderr:     from utils.helpers import digit_string_2_array
2020-03-24 22:10:10,940 :: WARNING :: kivy :: stderr:   File "/home/nuru/PycharmProjects/syai3Play/utils/helpers.py", line 1, in <module>
2020-03-24 22:10:10,940 :: WARNING :: kivy :: stderr:     import audio_metadata
2020-03-24 22:10:10,940 :: WARNING :: kivy :: stderr: ModuleNotFoundError: No module named 'audio_metadata'
2020-03-24 22:16:39,526 :: INFO :: kivy :: Kivy: v1.11.1
2020-03-24 22:16:39,527 :: INFO :: kivy :: Kivy: Installed at "/usr/local/lib/python3.6/site-packages/kivy/__init__.py"
2020-03-24 22:16:39,527 :: INFO :: kivy :: Python: v3.6.9 (default, Oct 27 2019, 00:29:13) 
[GCC 5.4.0 20160609]
2020-03-24 22:16:39,527 :: INFO :: kivy :: Python: Interpreter at "/home/nuru/Envs/syai3Play/bin/python"
2020-03-24 22:16:39,744 :: INFO :: kivy :: Factory: 184 symbols loaded
2020-03-24 22:16:39,983 :: INFO :: kivy :: Image: Providers: img_tex, img_dds, img_pil, img_gif (img_sdl2, img_ffpyplayer ignored)
2020-03-24 22:16:40,024 :: INFO :: kivy :: Window: Provider: sdl2(['window_egl_rpi'] ignored)
2020-03-24 22:16:41,231 :: INFO :: kivy :: GL: Using the "OpenGL" graphics system
2020-03-24 22:16:41,231 :: INFO :: kivy :: GL: Backend used <sdl2>
2020-03-24 22:16:41,231 :: INFO :: kivy :: GL: OpenGL version <b'2.1 Mesa 18.0.5'>
2020-03-24 22:16:41,232 :: INFO :: kivy :: GL: OpenGL vendor <b'Intel Open Source Technology Center'>
2020-03-24 22:16:41,232 :: INFO :: kivy :: GL: OpenGL renderer <b'Mesa DRI Mobile Intel\xc2\xae GM45 Express Chipset '>
2020-03-24 22:16:41,232 :: INFO :: kivy :: GL: OpenGL parsed version: 2, 1
2020-03-24 22:16:41,232 :: INFO :: kivy :: GL: Shading version <b'1.20'>
2020-03-24 22:16:41,232 :: INFO :: kivy :: GL: Texture max size <8192>
2020-03-24 22:16:41,232 :: INFO :: kivy :: GL: Texture max units <16>
2020-03-24 22:16:41,314 :: INFO :: kivy :: Window: auto add sdl2 input provider
2020-03-24 22:16:41,315 :: INFO :: kivy :: Window: virtual keyboard not allowed, single mode, not docked
2020-03-24 22:16:41,321 :: WARNING :: kivy :: stderr: Traceback (most recent call last):
2020-03-24 22:16:41,321 :: WARNING :: kivy :: stderr:   File "/home/nuru/PycharmProjects/syai3Play/main.py", line 23, in <module>
2020-03-24 22:16:41,321 :: WARNING :: kivy :: stderr:     from viewscontrollers.v3play.v3play import V3Play
2020-03-24 22:16:41,321 :: WARNING :: kivy :: stderr:   File "/home/nuru/PycharmProjects/syai3Play/viewscontrollers/v3play/v3play.py", line 10, in <module>
2020-03-24 22:16:41,321 :: WARNING :: kivy :: stderr:     Builder.load_file(join('viewscontrollers', '3play', '3play.kv'))
2020-03-24 22:16:41,322 :: WARNING :: kivy :: stderr:   File "/usr/local/lib/python3.6/site-packages/kivy/lang/builder.py", line 288, in load_file
2020-03-24 22:16:41,347 :: WARNING :: kivy :: stderr:     with open(filename, 'r') as fd:
2020-03-24 22:16:41,347 :: WARNING :: kivy :: stderr: FileNotFoundError: [Errno 2] No such file or directory: 'viewscontrollers/3play/3play.kv'
2020-03-24 22:19:09,196 :: INFO :: kivy :: Kivy: v1.11.1
2020-03-24 22:19:09,198 :: INFO :: kivy :: Kivy: Installed at "/usr/local/lib/python3.6/site-packages/kivy/__init__.py"
2020-03-24 22:19:09,198 :: INFO :: kivy :: Python: v3.6.9 (default, Oct 27 2019, 00:29:13) 
[GCC 5.4.0 20160609]
2020-03-24 22:19:09,198 :: INFO :: kivy :: Python: Interpreter at "/home/nuru/Envs/syai3Play/bin/python"
2020-03-24 22:19:09,370 :: INFO :: kivy :: Factory: 184 symbols loaded
2020-03-24 22:19:09,548 :: INFO :: kivy :: Image: Providers: img_tex, img_dds, img_pil, img_gif (img_sdl2, img_ffpyplayer ignored)
2020-03-24 22:19:09,590 :: INFO :: kivy :: Window: Provider: sdl2(['window_egl_rpi'] ignored)
2020-03-24 22:19:10,787 :: INFO :: kivy :: GL: Using the "OpenGL" graphics system
2020-03-24 22:19:10,788 :: INFO :: kivy :: GL: Backend used <sdl2>
2020-03-24 22:19:10,788 :: INFO :: kivy :: GL: OpenGL version <b'2.1 Mesa 18.0.5'>
2020-03-24 22:19:10,788 :: INFO :: kivy :: GL: OpenGL vendor <b'Intel Open Source Technology Center'>
2020-03-24 22:19:10,789 :: INFO :: kivy :: GL: OpenGL renderer <b'Mesa DRI Mobile Intel\xc2\xae GM45 Express Chipset '>
2020-03-24 22:19:10,789 :: INFO :: kivy :: GL: OpenGL parsed version: 2, 1
2020-03-24 22:19:10,789 :: INFO :: kivy :: GL: Shading version <b'1.20'>
2020-03-24 22:19:10,789 :: INFO :: kivy :: GL: Texture max size <8192>
2020-03-24 22:19:10,789 :: INFO :: kivy :: GL: Texture max units <16>
2020-03-24 22:19:10,889 :: INFO :: kivy :: Window: auto add sdl2 input provider
2020-03-24 22:19:10,890 :: INFO :: kivy :: Window: virtual keyboard not allowed, single mode, not docked
2020-03-24 22:19:10,917 :: WARNING :: kivy :: stderr: Traceback (most recent call last):
2020-03-24 22:19:10,917 :: WARNING :: kivy :: stderr:   File "/home/nuru/PycharmProjects/syai3Play/main.py", line 35, in <module>
2020-03-24 22:19:10,917 :: WARNING :: kivy :: stderr:     syaiV3PlayApp().run()
2020-03-24 22:19:10,917 :: WARNING :: kivy :: stderr:   File "/usr/local/lib/python3.6/site-packages/kivy/app.py", line 829, in run
2020-03-24 22:19:10,930 :: WARNING :: kivy :: stderr:     root = self.build()
2020-03-24 22:19:10,930 :: WARNING :: kivy :: stderr:   File "/home/nuru/PycharmProjects/syai3Play/main.py", line 31, in build
2020-03-24 22:19:10,931 :: WARNING :: kivy :: stderr:     self.root = V3Play()
2020-03-24 22:19:10,931 :: WARNING :: kivy :: stderr:   File "/home/nuru/PycharmProjects/syai3Play/viewscontrollers/v3play/v3play.py", line 24, in __init__
2020-03-24 22:19:10,931 :: WARNING :: kivy :: stderr:     super(V3Play, self).__init__(**kwargs)
2020-03-24 22:19:10,931 :: WARNING :: kivy :: stderr:   File "/usr/local/lib/python3.6/site-packages/kivy/uix/boxlayout.py", line 145, in __init__
2020-03-24 22:19:10,939 :: WARNING :: kivy :: stderr:     super(BoxLayout, self).__init__(**kwargs)
2020-03-24 22:19:10,939 :: WARNING :: kivy :: stderr:   File "/usr/local/lib/python3.6/site-packages/kivy/uix/layout.py", line 76, in __init__
2020-03-24 22:19:10,944 :: WARNING :: kivy :: stderr:     super(Layout, self).__init__(**kwargs)
2020-03-24 22:19:10,944 :: WARNING :: kivy :: stderr:   File "/usr/local/lib/python3.6/site-packages/kivy/uix/widget.py", line 361, in __init__
2020-03-24 22:19:10,953 :: WARNING :: kivy :: stderr:     rule_children=rule_children)
2020-03-24 22:19:10,953 :: WARNING :: kivy :: stderr:   File "/usr/local/lib/python3.6/site-packages/kivy/uix/widget.py", line 469, in apply_class_lang_rules
2020-03-24 22:19:10,954 :: WARNING :: kivy :: stderr:     rule_children=rule_children)
2020-03-24 22:19:10,954 :: WARNING :: kivy :: stderr:   File "/usr/local/lib/python3.6/site-packages/kivy/lang/builder.py", line 538, in apply
2020-03-24 22:19:10,954 :: WARNING :: kivy :: stderr:     rule_children=rule_children)
2020-03-24 22:19:10,954 :: WARNING :: kivy :: stderr:   File "/usr/local/lib/python3.6/site-packages/kivy/lang/builder.py", line 616, in _apply_rule
2020-03-24 22:19:10,955 :: WARNING :: kivy :: stderr:     cls = Factory_get(cname)
2020-03-24 22:19:10,955 :: WARNING :: kivy :: stderr:   File "/usr/local/lib/python3.6/site-packages/kivy/factory.py", line 131, in __getattr__
2020-03-24 22:19:10,968 :: WARNING :: kivy :: stderr:     raise FactoryException('Unknown class <%s>' % name)
2020-03-24 22:19:10,968 :: WARNING :: kivy :: stderr: kivy.factory.FactoryException: Unknown class <AppHeadBar>
2020-03-24 22:20:45,165 :: INFO :: kivy :: Kivy: v1.11.1
2020-03-24 22:20:45,165 :: INFO :: kivy :: Kivy: Installed at "/usr/local/lib/python3.6/site-packages/kivy/__init__.py"
2020-03-24 22:20:45,165 :: INFO :: kivy :: Python: v3.6.9 (default, Oct 27 2019, 00:29:13) 
[GCC 5.4.0 20160609]
2020-03-24 22:20:45,165 :: INFO :: kivy :: Python: Interpreter at "/home/nuru/Envs/syai3Play/bin/python"
2020-03-24 22:20:45,396 :: INFO :: kivy :: Factory: 184 symbols loaded
2020-03-24 22:20:45,588 :: INFO :: kivy :: Image: Providers: img_tex, img_dds, img_pil, img_gif (img_sdl2, img_ffpyplayer ignored)
2020-03-24 22:20:45,630 :: INFO :: kivy :: Window: Provider: sdl2(['window_egl_rpi'] ignored)
2020-03-24 22:20:46,821 :: INFO :: kivy :: GL: Using the "OpenGL" graphics system
2020-03-24 22:20:46,821 :: INFO :: kivy :: GL: Backend used <sdl2>
2020-03-24 22:20:46,822 :: INFO :: kivy :: GL: OpenGL version <b'2.1 Mesa 18.0.5'>
2020-03-24 22:20:46,822 :: INFO :: kivy :: GL: OpenGL vendor <b'Intel Open Source Technology Center'>
2020-03-24 22:20:46,822 :: INFO :: kivy :: GL: OpenGL renderer <b'Mesa DRI Mobile Intel\xc2\xae GM45 Express Chipset '>
2020-03-24 22:20:46,822 :: INFO :: kivy :: GL: OpenGL parsed version: 2, 1
2020-03-24 22:20:46,822 :: INFO :: kivy :: GL: Shading version <b'1.20'>
2020-03-24 22:20:46,822 :: INFO :: kivy :: GL: Texture max size <8192>
2020-03-24 22:20:46,822 :: INFO :: kivy :: GL: Texture max units <16>
2020-03-24 22:20:46,921 :: INFO :: kivy :: Window: auto add sdl2 input provider
2020-03-24 22:20:46,921 :: INFO :: kivy :: Window: virtual keyboard not allowed, single mode, not docked
2020-03-24 22:20:47,025 :: INFO :: kivy :: Text: Provider: sdl2
2020-03-24 22:20:47,064 :: ERROR :: syaiV3play :: 'NoneType' object is not iterable
2020-03-24 22:20:47,256 :: INFO :: kivy :: Base: Start application main loop
2020-03-24 22:20:54,722 :: INFO :: kivy :: Base: Leaving application in progress...
2020-03-24 22:20:54,726 :: INFO :: kivy :: WindowSDL: exiting mainloop and closing.
2020-03-24 22:24:33,265 :: INFO :: kivy :: Kivy: v1.11.1
2020-03-24 22:24:33,266 :: INFO :: kivy :: Kivy: Installed at "/usr/local/lib/python3.6/site-packages/kivy/__init__.py"
2020-03-24 22:24:33,266 :: INFO :: kivy :: Python: v3.6.9 (default, Oct 27 2019, 00:29:13) 
[GCC 5.4.0 20160609]
2020-03-24 22:24:33,266 :: INFO :: kivy :: Python: Interpreter at "/home/nuru/Envs/syai3Play/bin/python"
2020-03-24 22:24:33,511 :: INFO :: kivy :: Factory: 184 symbols loaded
2020-03-24 22:24:33,718 :: INFO :: kivy :: Image: Providers: img_tex, img_dds, img_pil, img_gif (img_sdl2, img_ffpyplayer ignored)
2020-03-24 22:24:33,759 :: INFO :: kivy :: Window: Provider: sdl2(['window_egl_rpi'] ignored)
2020-03-24 22:24:34,946 :: INFO :: kivy :: GL: Using the "OpenGL" graphics system
2020-03-24 22:24:34,948 :: INFO :: kivy :: GL: Backend used <sdl2>
2020-03-24 22:24:34,948 :: INFO :: kivy :: GL: OpenGL version <b'2.1 Mesa 18.0.5'>
2020-03-24 22:24:34,948 :: INFO :: kivy :: GL: OpenGL vendor <b'Intel Open Source Technology Center'>
2020-03-24 22:24:34,949 :: INFO :: kivy :: GL: OpenGL renderer <b'Mesa DRI Mobile Intel\xc2\xae GM45 Express Chipset '>
2020-03-24 22:24:34,949 :: INFO :: kivy :: GL: OpenGL parsed version: 2, 1
2020-03-24 22:24:34,949 :: INFO :: kivy :: GL: Shading version <b'1.20'>
2020-03-24 22:24:34,949 :: INFO :: kivy :: GL: Texture max size <8192>
2020-03-24 22:24:34,949 :: INFO :: kivy :: GL: Texture max units <16>
2020-03-24 22:24:35,035 :: INFO :: kivy :: Window: auto add sdl2 input provider
2020-03-24 22:24:35,036 :: INFO :: kivy :: Window: virtual keyboard not allowed, single mode, not docked
2020-03-24 22:24:35,044 :: INFO :: kivy :: Text: Provider: sdl2
2020-03-24 22:24:35,057 :: ERROR :: syaiV3play :: 'NoneType' object is not iterable
2020-03-24 22:24:35,217 :: INFO :: kivy :: Base: Start application main loop
2020-03-24 22:24:47,086 :: INFO :: kivy :: Base: Leaving application in progress...
2020-03-24 22:24:47,090 :: INFO :: kivy :: WindowSDL: exiting mainloop and closing.
2020-03-24 22:25:31,148 :: INFO :: kivy :: Kivy: v1.11.1
2020-03-24 22:25:31,148 :: INFO :: kivy :: Kivy: Installed at "/usr/local/lib/python3.6/site-packages/kivy/__init__.py"
2020-03-24 22:25:31,148 :: INFO :: kivy :: Python: v3.6.9 (default, Oct 27 2019, 00:29:13) 
[GCC 5.4.0 20160609]
2020-03-24 22:25:31,148 :: INFO :: kivy :: Python: Interpreter at "/home/nuru/Envs/syai3Play/bin/python"
2020-03-24 22:25:31,339 :: INFO :: kivy :: Factory: 184 symbols loaded
2020-03-24 22:25:31,548 :: INFO :: kivy :: Image: Providers: img_tex, img_dds, img_pil, img_gif (img_sdl2, img_ffpyplayer ignored)
2020-03-24 22:25:31,594 :: INFO :: kivy :: Window: Provider: sdl2(['window_egl_rpi'] ignored)
2020-03-24 22:25:32,788 :: INFO :: kivy :: GL: Using the "OpenGL" graphics system
2020-03-24 22:25:32,796 :: INFO :: kivy :: GL: Backend used <sdl2>
2020-03-24 22:25:32,797 :: INFO :: kivy :: GL: OpenGL version <b'2.1 Mesa 18.0.5'>
2020-03-24 22:25:32,797 :: INFO :: kivy :: GL: OpenGL vendor <b'Intel Open Source Technology Center'>
2020-03-24 22:25:32,797 :: INFO :: kivy :: GL: OpenGL renderer <b'Mesa DRI Mobile Intel\xc2\xae GM45 Express Chipset '>
2020-03-24 22:25:32,797 :: INFO :: kivy :: GL: OpenGL parsed version: 2, 1
2020-03-24 22:25:32,797 :: INFO :: kivy :: GL: Shading version <b'1.20'>
2020-03-24 22:25:32,797 :: INFO :: kivy :: GL: Texture max size <8192>
2020-03-24 22:25:32,797 :: INFO :: kivy :: GL: Texture max units <16>
2020-03-24 22:25:32,876 :: INFO :: kivy :: Window: auto add sdl2 input provider
2020-03-24 22:25:32,877 :: INFO :: kivy :: Window: virtual keyboard not allowed, single mode, not docked
2020-03-24 22:25:32,885 :: INFO :: kivy :: Text: Provider: sdl2
2020-03-24 22:25:33,090 :: INFO :: kivy :: Base: Start application main loop
2020-03-24 22:25:33,181 :: INFO :: kivy :: GL: NPOT texture support is available
2020-03-24 22:25:41,573 :: INFO :: kivy :: Base: Leaving application in progress...
2020-03-24 22:25:41,578 :: INFO :: kivy :: WindowSDL: exiting mainloop and closing.
2020-03-24 22:25:43,295 :: INFO :: kivy :: Kivy: v1.11.1
2020-03-24 22:25:43,296 :: INFO :: kivy :: Kivy: Installed at "/usr/local/lib/python3.6/site-packages/kivy/__init__.py"
2020-03-24 22:25:43,296 :: INFO :: kivy :: Python: v3.6.9 (default, Oct 27 2019, 00:29:13) 
[GCC 5.4.0 20160609]
2020-03-24 22:25:43,296 :: INFO :: kivy :: Python: Interpreter at "/home/nuru/Envs/syai3Play/bin/python"
2020-03-24 22:25:43,475 :: INFO :: kivy :: Factory: 184 symbols loaded
2020-03-24 22:25:43,666 :: INFO :: kivy :: Image: Providers: img_tex, img_dds, img_pil, img_gif (img_sdl2, img_ffpyplayer ignored)
2020-03-24 22:25:43,712 :: INFO :: kivy :: Window: Provider: sdl2(['window_egl_rpi'] ignored)
2020-03-24 22:25:44,918 :: INFO :: kivy :: GL: Using the "OpenGL" graphics system
2020-03-24 22:25:44,923 :: INFO :: kivy :: GL: Backend used <sdl2>
2020-03-24 22:25:44,924 :: INFO :: kivy :: GL: OpenGL version <b'2.1 Mesa 18.0.5'>
2020-03-24 22:25:44,924 :: INFO :: kivy :: GL: OpenGL vendor <b'Intel Open Source Technology Center'>
2020-03-24 22:25:44,924 :: INFO :: kivy :: GL: OpenGL renderer <b'Mesa DRI Mobile Intel\xc2\xae GM45 Express Chipset '>
2020-03-24 22:25:44,924 :: INFO :: kivy :: GL: OpenGL parsed version: 2, 1
2020-03-24 22:25:44,924 :: INFO :: kivy :: GL: Shading version <b'1.20'>
2020-03-24 22:25:44,924 :: INFO :: kivy :: GL: Texture max size <8192>
2020-03-24 22:25:44,924 :: INFO :: kivy :: GL: Texture max units <16>
2020-03-24 22:25:45,024 :: INFO :: kivy :: Window: auto add sdl2 input provider
2020-03-24 22:25:45,025 :: INFO :: kivy :: Window: virtual keyboard not allowed, single mode, not docked
2020-03-24 22:25:45,034 :: INFO :: kivy :: Text: Provider: sdl2
2020-03-24 22:25:45,251 :: INFO :: kivy :: Base: Start application main loop
2020-03-24 22:25:45,256 :: INFO :: kivy :: GL: NPOT texture support is available
2020-03-24 22:25:57,409 :: INFO :: kivy :: Base: Leaving application in progress...
2020-03-24 22:25:57,413 :: INFO :: kivy :: WindowSDL: exiting mainloop and closing.
2020-03-24 22:27:09,495 :: INFO :: kivy :: Kivy: v1.11.1
2020-03-24 22:27:09,495 :: INFO :: kivy :: Kivy: Installed at "/usr/local/lib/python3.6/site-packages/kivy/__init__.py"
2020-03-24 22:27:09,495 :: INFO :: kivy :: Python: v3.6.9 (default, Oct 27 2019, 00:29:13) 
[GCC 5.4.0 20160609]
2020-03-24 22:27:09,495 :: INFO :: kivy :: Python: Interpreter at "/home/nuru/Envs/syai3Play/bin/python"
2020-03-24 22:27:09,671 :: INFO :: kivy :: Factory: 184 symbols loaded
2020-03-24 22:27:09,850 :: INFO :: kivy :: Image: Providers: img_tex, img_dds, img_pil, img_gif (img_sdl2, img_ffpyplayer ignored)
2020-03-24 22:27:09,891 :: INFO :: kivy :: Window: Provider: sdl2(['window_egl_rpi'] ignored)
2020-03-24 22:27:11,085 :: INFO :: kivy :: GL: Using the "OpenGL" graphics system
2020-03-24 22:27:11,085 :: INFO :: kivy :: GL: Backend used <sdl2>
2020-03-24 22:27:11,085 :: INFO :: kivy :: GL: OpenGL version <b'2.1 Mesa 18.0.5'>
2020-03-24 22:27:11,086 :: INFO :: kivy :: GL: OpenGL vendor <b'Intel Open Source Technology Center'>
2020-03-24 22:27:11,086 :: INFO :: kivy :: GL: OpenGL renderer <b'Mesa DRI Mobile Intel\xc2\xae GM45 Express Chipset '>
2020-03-24 22:27:11,086 :: INFO :: kivy :: GL: OpenGL parsed version: 2, 1
2020-03-24 22:27:11,086 :: INFO :: kivy :: GL: Shading version <b'1.20'>
2020-03-24 22:27:11,086 :: INFO :: kivy :: GL: Texture max size <8192>
2020-03-24 22:27:11,086 :: INFO :: kivy :: GL: Texture max units <16>
2020-03-24 22:27:11,169 :: INFO :: kivy :: Window: auto add sdl2 input provider
2020-03-24 22:27:11,169 :: INFO :: kivy :: Window: virtual keyboard not allowed, single mode, not docked
2020-03-24 22:27:11,179 :: INFO :: kivy :: Text: Provider: sdl2
2020-03-24 22:27:11,361 :: INFO :: kivy :: Base: Start application main loop
2020-03-24 22:27:11,368 :: INFO :: kivy :: GL: NPOT texture support is available
2020-03-24 22:27:19,228 :: INFO :: kivy :: Base: Leaving application in progress...
2020-03-24 22:27:19,232 :: INFO :: kivy :: WindowSDL: exiting mainloop and closing.
2020-03-24 22:27:52,276 :: INFO :: kivy :: Kivy: v1.11.1
2020-03-24 22:27:52,277 :: INFO :: kivy :: Kivy: Installed at "/usr/local/lib/python3.6/site-packages/kivy/__init__.py"
2020-03-24 22:27:52,277 :: INFO :: kivy :: Python: v3.6.9 (default, Oct 27 2019, 00:29:13) 
[GCC 5.4.0 20160609]
2020-03-24 22:27:52,277 :: INFO :: kivy :: Python: Interpreter at "/home/nuru/Envs/syai3Play/bin/python"
2020-03-24 22:27:52,459 :: INFO :: kivy :: Factory: 184 symbols loaded
2020-03-24 22:27:52,635 :: INFO :: kivy :: Image: Providers: img_tex, img_dds, img_pil, img_gif (img_sdl2, img_ffpyplayer ignored)
2020-03-24 22:27:52,676 :: INFO :: kivy :: Window: Provider: sdl2(['window_egl_rpi'] ignored)
2020-03-24 22:27:53,845 :: INFO :: kivy :: GL: Using the "OpenGL" graphics system
2020-03-24 22:27:53,847 :: INFO :: kivy :: GL: Backend used <sdl2>
2020-03-24 22:27:53,847 :: INFO :: kivy :: GL: OpenGL version <b'2.1 Mesa 18.0.5'>
2020-03-24 22:27:53,847 :: INFO :: kivy :: GL: OpenGL vendor <b'Intel Open Source Technology Center'>
2020-03-24 22:27:53,847 :: INFO :: kivy :: GL: OpenGL renderer <b'Mesa DRI Mobile Intel\xc2\xae GM45 Express Chipset '>
2020-03-24 22:27:53,848 :: INFO :: kivy :: GL: OpenGL parsed version: 2, 1
2020-03-24 22:27:53,848 :: INFO :: kivy :: GL: Shading version <b'1.20'>
2020-03-24 22:27:53,848 :: INFO :: kivy :: GL: Texture max size <8192>
2020-03-24 22:27:53,848 :: INFO :: kivy :: GL: Texture max units <16>
2020-03-24 22:27:53,943 :: INFO :: kivy :: Window: auto add sdl2 input provider
2020-03-24 22:27:53,943 :: INFO :: kivy :: Window: virtual keyboard not allowed, single mode, not docked
2020-03-24 22:27:53,952 :: INFO :: kivy :: Text: Provider: sdl2
2020-03-24 22:27:54,142 :: INFO :: kivy :: Base: Start application main loop
2020-03-24 22:27:54,148 :: INFO :: kivy :: GL: NPOT texture support is available
2020-03-24 22:28:01,427 :: INFO :: kivy :: Base: Leaving application in progress...
2020-03-24 22:28:01,477 :: INFO :: kivy :: WindowSDL: exiting mainloop and closing.
2020-03-24 22:28:28,285 :: INFO :: kivy :: Kivy: v1.11.1
2020-03-24 22:28:28,286 :: INFO :: kivy :: Kivy: Installed at "/usr/local/lib/python3.6/site-packages/kivy/__init__.py"
2020-03-24 22:28:28,286 :: INFO :: kivy :: Python: v3.6.9 (default, Oct 27 2019, 00:29:13) 
[GCC 5.4.0 20160609]
2020-03-24 22:28:28,286 :: INFO :: kivy :: Python: Interpreter at "/home/nuru/Envs/syai3Play/bin/python"
2020-03-24 22:28:28,466 :: INFO :: kivy :: Factory: 184 symbols loaded
2020-03-24 22:28:28,658 :: INFO :: kivy :: Image: Providers: img_tex, img_dds, img_pil, img_gif (img_sdl2, img_ffpyplayer ignored)
2020-03-24 22:28:28,703 :: INFO :: kivy :: Window: Provider: sdl2(['window_egl_rpi'] ignored)
2020-03-24 22:28:29,901 :: INFO :: kivy :: GL: Using the "OpenGL" graphics system
2020-03-24 22:28:29,901 :: INFO :: kivy :: GL: Backend used <sdl2>
2020-03-24 22:28:29,902 :: INFO :: kivy :: GL: OpenGL version <b'2.1 Mesa 18.0.5'>
2020-03-24 22:28:29,902 :: INFO :: kivy :: GL: OpenGL vendor <b'Intel Open Source Technology Center'>
2020-03-24 22:28:29,902 :: INFO :: kivy :: GL: OpenGL renderer <b'Mesa DRI Mobile Intel\xc2\xae GM45 Express Chipset '>
2020-03-24 22:28:29,902 :: INFO :: kivy :: GL: OpenGL parsed version: 2, 1
2020-03-24 22:28:29,902 :: INFO :: kivy :: GL: Shading version <b'1.20'>
2020-03-24 22:28:29,902 :: INFO :: kivy :: GL: Texture max size <8192>
2020-03-24 22:28:29,902 :: INFO :: kivy :: GL: Texture max units <16>
2020-03-24 22:28:29,982 :: INFO :: kivy :: Window: auto add sdl2 input provider
2020-03-24 22:28:29,982 :: INFO :: kivy :: Window: virtual keyboard not allowed, single mode, not docked
2020-03-24 22:28:29,990 :: INFO :: kivy :: Text: Provider: sdl2
2020-03-24 22:28:30,176 :: INFO :: kivy :: Base: Start application main loop
2020-03-24 22:28:30,182 :: INFO :: kivy :: GL: NPOT texture support is available
2020-03-24 22:30:08,529 :: INFO :: kivy :: Base: Leaving application in progress...
2020-03-24 22:30:08,531 :: INFO :: kivy :: WindowSDL: exiting mainloop and closing.
